TN:
SF:src\app.ts
FN:17,(anonymous_1)
FN:29,(anonymous_2)
FN:34,(anonymous_3)
FN:46,(anonymous_4)
FN:49,(anonymous_5)
FNF:5
FNH:3
FNDA:1,(anonymous_1)
FNDA:1,(anonymous_2)
FNDA:1,(anonymous_3)
FNDA:0,(anonymous_4)
FNDA:0,(anonymous_5)
DA:1,1
DA:2,1
DA:3,1
DA:4,1
DA:6,1
DA:7,1
DA:9,1
DA:10,1
DA:12,1
DA:15,1
DA:17,1
DA:18,1
DA:22,1
DA:24,1
DA:27,1
DA:29,1
DA:30,1
DA:31,1
DA:34,1
DA:35,1
DA:36,0
DA:38,1
DA:39,1
DA:42,1
DA:47,0
DA:50,0
LF:26
LH:23
BRDA:35,0,0,0
BRDA:38,1,0,1
BRDA:38,1,1,0
BRDA:39,2,0,1
BRDA:39,2,1,0
BRF:5
BRH:2
end_of_record
TN:
SF:src\controllers\movieLists-controller.ts
FN:10,(anonymous_8)
FN:10,(anonymous_9)
FN:25,(anonymous_10)
FN:25,(anonymous_11)
FN:40,(anonymous_12)
FN:40,(anonymous_13)
FN:56,(anonymous_14)
FN:61,(anonymous_15)
FN:61,(anonymous_16)
FN:72,(anonymous_17)
FN:72,(anonymous_18)
FN:102,(anonymous_19)
FN:102,(anonymous_20)
FN:144,(anonymous_21)
FN:144,(anonymous_22)
FNF:15
FNH:0
FNDA:0,(anonymous_8)
FNDA:0,(anonymous_9)
FNDA:0,(anonymous_10)
FNDA:0,(anonymous_11)
FNDA:0,(anonymous_12)
FNDA:0,(anonymous_13)
FNDA:0,(anonymous_14)
FNDA:0,(anonymous_15)
FNDA:0,(anonymous_16)
FNDA:0,(anonymous_17)
FNDA:0,(anonymous_18)
FNDA:0,(anonymous_19)
FNDA:0,(anonymous_20)
FNDA:0,(anonymous_21)
FNDA:0,(anonymous_22)
DA:2,3
DA:3,3
DA:5,3
DA:6,3
DA:7,3
DA:10,3
DA:12,0
DA:13,0
DA:15,0
DA:16,0
DA:18,0
DA:19,0
DA:20,0
DA:22,0
DA:25,3
DA:27,0
DA:28,0
DA:30,0
DA:31,0
DA:33,0
DA:34,0
DA:35,0
DA:37,0
DA:40,3
DA:44,0
DA:45,0
DA:47,0
DA:48,0
DA:50,0
DA:51,0
DA:52,0
DA:55,0
DA:56,0
DA:61,3
DA:62,0
DA:64,0
DA:66,0
DA:72,3
DA:73,0
DA:75,0
DA:76,0
DA:77,0
DA:80,0
DA:82,0
DA:87,0
DA:88,0
DA:89,0
DA:91,0
DA:93,0
DA:95,0
DA:96,0
DA:99,0
DA:102,3
DA:103,0
DA:104,0
DA:105,0
DA:106,0
DA:107,0
DA:110,0
DA:111,0
DA:115,0
DA:116,0
DA:118,0
DA:119,0
DA:121,0
DA:122,0
DA:123,0
DA:126,0
DA:127,0
DA:129,0
DA:130,0
DA:132,0
DA:133,0
DA:136,0
DA:138,0
DA:139,0
DA:144,3
DA:145,0
DA:146,0
DA:147,0
DA:148,0
DA:150,0
DA:151,0
DA:153,0
DA:155,0
DA:156,0
DA:157,0
DA:158,0
DA:161,0
DA:163,0
DA:165,0
DA:166,0
DA:169,0
LF:93
LH:12
BRDA:18,0,0,0
BRDA:33,1,0,0
BRDA:50,2,0,0
BRDA:67,3,0,0
BRDA:67,3,1,0
BRDA:67,4,0,0
BRDA:67,4,1,0
BRDA:75,5,0,0
BRDA:105,6,0,0
BRDA:121,7,0,0
BRDA:157,8,0,0
BRDA:157,8,1,0
BRDA:157,9,0,0
BRDA:157,9,1,0
BRF:14
BRH:0
end_of_record
TN:
SF:src\controllers\movies-controller.ts
FN:11,(anonymous_8)
FN:11,(anonymous_9)
FN:26,(anonymous_10)
FN:26,(anonymous_11)
FN:41,(anonymous_12)
FN:41,(anonymous_13)
FN:51,(anonymous_14)
FN:55,(anonymous_15)
FN:55,(anonymous_16)
FN:64,(anonymous_17)
FN:64,(anonymous_18)
FN:95,(anonymous_19)
FN:95,(anonymous_20)
FN:125,(anonymous_21)
FN:125,(anonymous_22)
FN:157,(anonymous_23)
FN:157,(anonymous_24)
FNF:17
FNH:6
FNDA:3,(anonymous_8)
FNDA:3,(anonymous_9)
FNDA:0,(anonymous_10)
FNDA:0,(anonymous_11)
FNDA:1,(anonymous_12)
FNDA:1,(anonymous_13)
FNDA:0,(anonymous_14)
FNDA:3,(anonymous_15)
FNDA:3,(anonymous_16)
FNDA:0,(anonymous_17)
FNDA:0,(anonymous_18)
FNDA:0,(anonymous_19)
FNDA:0,(anonymous_20)
FNDA:0,(anonymous_21)
FNDA:0,(anonymous_22)
FNDA:0,(anonymous_23)
FNDA:0,(anonymous_24)
DA:2,3
DA:3,3
DA:5,3
DA:6,3
DA:7,3
DA:8,3
DA:11,3
DA:13,3
DA:14,3
DA:16,1
DA:17,1
DA:19,2
DA:20,1
DA:21,1
DA:23,1
DA:26,3
DA:28,0
DA:29,0
DA:31,0
DA:32,0
DA:34,0
DA:35,0
DA:36,0
DA:38,0
DA:41,3
DA:43,1
DA:44,1
DA:46,0
DA:47,0
DA:50,0
DA:51,0
DA:55,3
DA:56,3
DA:57,3
DA:59,3
DA:64,3
DA:65,0
DA:69,0
DA:70,0
DA:71,0
DA:73,0
DA:74,0
DA:77,0
DA:78,0
DA:79,0
DA:80,0
DA:81,0
DA:82,0
DA:83,0
DA:85,0
DA:87,0
DA:88,0
DA:91,0
DA:95,3
DA:96,0
DA:98,0
DA:99,0
DA:100,0
DA:103,0
DA:105,0
DA:111,0
DA:112,0
DA:113,0
DA:115,0
DA:116,0
DA:118,0
DA:119,0
DA:122,0
DA:125,3
DA:126,0
DA:127,0
DA:128,0
DA:129,0
DA:130,0
DA:133,0
DA:134,0
DA:136,0
DA:137,0
DA:139,0
DA:140,0
DA:141,0
DA:143,0
DA:144,0
DA:146,0
DA:147,0
DA:150,0
DA:152,0
DA:153,0
DA:157,3
DA:158,0
DA:159,0
DA:160,0
DA:161,0
DA:163,0
DA:164,0
DA:166,0
DA:168,0
DA:169,0
DA:170,0
DA:171,0
DA:174,0
DA:176,0
DA:178,0
DA:179,0
DA:182,0
LF:105
LH:27
BRDA:19,0,0,1
BRDA:34,1,0,0
BRDA:60,2,0,2
BRDA:60,2,1,1
BRDA:60,3,0,3
BRDA:60,3,1,3
BRDA:98,4,0,0
BRDA:128,5,0,0
BRF:8
BRH:5
end_of_record
TN:
SF:src\controllers\users-controller.ts
FN:8,(anonymous_8)
FN:12,(anonymous_9)
FN:30,(anonymous_10)
FN:34,(anonymous_11)
FN:45,(anonymous_12)
FN:48,(anonymous_13)
FN:52,(anonymous_14)
FN:102,(anonymous_15)
FN:106,(anonymous_16)
FNF:9
FNH:0
FNDA:0,(anonymous_8)
FNDA:0,(anonymous_9)
FNDA:0,(anonymous_10)
FNDA:0,(anonymous_11)
FNDA:0,(anonymous_12)
FNDA:0,(anonymous_13)
FNDA:0,(anonymous_14)
FNDA:0,(anonymous_15)
FNDA:0,(anonymous_16)
DA:2,2
DA:3,2
DA:4,2
DA:5,2
DA:6,2
DA:8,2
DA:12,0
DA:13,0
DA:15,0
DA:16,0
DA:18,0
DA:19,0
DA:22,0
DA:23,0
DA:24,0
DA:27,0
DA:30,2
DA:34,0
DA:36,0
DA:37,0
DA:39,0
DA:40,0
DA:43,0
DA:45,0
DA:48,2
DA:52,0
DA:53,0
DA:55,0
DA:57,0
DA:58,0
DA:62,0
DA:66,0
DA:67,0
DA:69,0
DA:70,0
DA:73,0
DA:74,0
DA:75,0
DA:80,0
DA:82,0
DA:89,0
DA:90,0
DA:92,0
DA:96,0
DA:99,0
DA:102,2
DA:106,0
DA:107,0
DA:110,0
DA:111,0
DA:113,0
DA:114,0
DA:117,0
DA:118,0
DA:119,0
DA:122,0
DA:123,0
DA:125,0
DA:126,0
DA:127,0
DA:131,0
DA:137,0
LF:62
LH:9
BRDA:22,0,0,0
BRDA:57,1,0,0
BRDA:73,2,0,0
BRDA:117,3,0,0
BRDA:125,4,0,0
BRF:5
BRH:0
end_of_record
TN:
SF:src\middleware\auth.ts
FN:9,(anonymous_1)
FNF:1
FNH:1
FNDA:8,(anonymous_1)
DA:2,4
DA:3,4
DA:9,4
DA:10,8
DA:11,8
DA:12,8
DA:13,6
DA:14,6
DA:16,2
DA:17,1
DA:18,1
DA:20,1
DA:21,1
LF:13
LH:13
BRDA:11,0,0,6
BRDA:11,0,1,2
BRDA:11,1,0,8
BRDA:11,1,1,8
BRDA:12,2,0,6
BRF:5
BRH:5
end_of_record
TN:
SF:src\models\http-error.ts
FN:4,(anonymous_0)
FNF:1
FNH:1
FNDA:13,(anonymous_0)
DA:5,13
DA:6,13
DA:10,6
LF:3
LH:3
BRF:0
BRH:0
end_of_record
TN:
SF:src\models\movie.ts
FNF:0
FNH:0
DA:1,5
DA:10,5
DA:17,5
DA:19,5
LF:4
LH:4
BRF:0
BRH:0
end_of_record
TN:
SF:src\models\movieList.ts
FNF:0
FNH:0
DA:1,5
DA:12,5
DA:19,5
DA:21,5
LF:4
LH:4
BRF:0
BRH:0
end_of_record
TN:
SF:src\models\user.ts
FNF:0
FNH:0
DA:1,3
DA:10,3
DA:17,3
DA:19,3
LF:4
LH:4
BRF:0
BRH:0
end_of_record
TN:
SF:src\routes\index.ts
FNF:0
FNH:0
DA:1,1
DA:3,1
DA:4,1
DA:5,1
DA:7,1
DA:9,1
DA:10,1
DA:11,1
LF:8
LH:8
BRF:0
BRH:0
end_of_record
TN:
SF:src\routes\movie-routes.ts
FNF:0
FNH:0
DA:1,2
DA:2,2
DA:4,2
DA:12,2
DA:14,2
DA:17,2
DA:19,2
DA:21,2
DA:23,2
DA:25,2
DA:27,2
DA:29,2
LF:12
LH:12
BRF:0
BRH:0
end_of_record
TN:
SF:src\routes\movieList-routes.ts
FNF:0
FNH:0
DA:1,2
DA:2,2
DA:4,2
DA:5,2
DA:7,2
DA:9,2
DA:11,2
DA:13,2
DA:15,2
DA:17,2
DA:19,2
LF:11
LH:11
BRF:0
BRH:0
end_of_record
TN:
SF:src\routes\user-routes.ts
FNF:0
FNH:0
DA:1,2
DA:2,2
DA:4,2
DA:5,2
DA:7,2
DA:9,2
DA:16,2
DA:18,2
DA:20,2
DA:22,2
LF:10
LH:10
BRF:0
BRH:0
end_of_record
TN:
SF:src\utils\description.ts
FN:3,(anonymous_8)
FN:3,(anonymous_9)
FN:17,(anonymous_10)
FN:18,(anonymous_11)
FNF:4
FNH:0
FNDA:0,(anonymous_8)
FNDA:0,(anonymous_9)
FNDA:0,(anonymous_10)
FNDA:0,(anonymous_11)
DA:1,3
DA:3,3
DA:4,0
DA:8,0
DA:16,0
DA:17,0
DA:18,0
DA:20,0
DA:21,0
DA:22,0
DA:24,0
DA:25,0
DA:27,0
DA:30,0
DA:31,0
LF:15
LH:2
BRDA:24,0,0,0
BRDA:24,0,1,0
BRDA:24,1,0,0
BRDA:24,1,1,0
BRF:4
BRH:0
end_of_record
